  [1m[35m (69.1ms)[0m  [1m[35mCREATE TABLE "schema_migrations" ("version" character varying NOT NULL PRIMARY KEY)[0m
  [1m[35m (62.6ms)[0m  [1m[35mCREATE TABLE "ar_internal_metadata" ("key" character varying NOT NULL PRIMARY KEY, "value" character varying, "created_at" timestamp NOT NULL, "updated_at" timestamp NOT NULL)[0m
  [1m[35m (0.2ms)[0m  [1m[34mSELECT pg_try_advisory_lock(7864839756650184315);[0m
  [1m[35m (0.4ms)[0m  [1m[34mSELECT "schema_migrations"."version" FROM "schema_migrations" ORDER BY "schema_migrations"."version" ASC[0m
  [1m[36mActiveRecord::InternalMetadata Load (0.3ms)[0m  [1m[34mSELECT  "ar_internal_metadata".* FROM "ar_internal_metadata" WHERE "ar_internal_metadata"."key" = $1 LIMIT $2[0m  [["key", "environment"], ["LIMIT", 1]]
  [1m[35m (0.1ms)[0m  [1m[35mBEGIN[0m
  [1m[35mSQL (0.3ms)[0m  [1m[32mINSERT INTO "ar_internal_metadata" ("key", "value", "created_at", "updated_at") VALUES ($1, $2, $3, $4) RETURNING "key"[0m  [["key", "environment"], ["value", "development"], ["created_at", "2017-07-12 16:25:24.166394"], ["updated_at", "2017-07-12 16:25:24.166394"]]
  [1m[35m (10.6ms)[0m  [1m[35mCOMMIT[0m
  [1m[35m (0.2ms)[0m  [1m[34mSELECT pg_advisory_unlock(7864839756650184315)[0m
  [1m[35m (0.2ms)[0m  [1m[34mSELECT "schema_migrations"."version" FROM "schema_migrations" ORDER BY "schema_migrations"."version" ASC[0m
Started GET "/" for 127.0.0.1 at 2017-07-12 18:25:40 +0200
Processing by Rails::WelcomeController#index as HTML
  Rendering /home/matt/.rvm/gems/ruby-2.3.4/gems/railties-5.1.2/lib/rails/templates/rails/welcome/index.html.erb
  Rendered /home/matt/.rvm/gems/ruby-2.3.4/gems/railties-5.1.2/lib/rails/templates/rails/welcome/index.html.erb (2.9ms)
Completed 200 OK in 182ms (Views: 7.4ms)


Started GET "/" for 127.0.0.1 at 2017-07-12 18:25:40 +0200
Processing by Rails::WelcomeController#index as HTML
  Rendering /home/matt/.rvm/gems/ruby-2.3.4/gems/railties-5.1.2/lib/rails/templates/rails/welcome/index.html.erb
  Rendered /home/matt/.rvm/gems/ruby-2.3.4/gems/railties-5.1.2/lib/rails/templates/rails/welcome/index.html.erb (3.8ms)
Completed 200 OK in 6ms (Views: 4.9ms)


Started GET "/" for 127.0.0.1 at 2017-07-12 18:43:00 +0200
Processing by ApplicationController#angular as HTML
  Rendering layouts/application.html.erb within layouts/application
  Rendered layouts/application.html.erb within layouts/application (253.6ms)
Completed 200 OK in 440ms (Views: 262.5ms)


Started GET "/" for 127.0.0.1 at 2017-07-12 18:44:07 +0200
Processing by ApplicationController#angular as HTML
  Rendering layouts/application.html.erb within layouts/application
  Rendered layouts/application.html.erb within layouts/application (13.6ms)
Completed 200 OK in 20ms (Views: 18.8ms)


Started GET "/" for 127.0.0.1 at 2017-07-12 18:44:17 +0200
Processing by ApplicationController#angular as HTML
  Rendering layouts/application.html.erb within layouts/application
  Rendered layouts/application.html.erb within layouts/application (1.1ms)
Completed 500 Internal Server Error in 4ms


  
SyntaxError (/home/matt/projects/myapp/app/views/layouts/application.html.erb:15: syntax error, unexpected '<'
  </body>
   ^
/home/matt/projects/myapp/app/views/layouts/application.html.erb:16: unknown regexp options - htl
/home/matt/projects/myapp/app/views/layouts/application.html.erb:17: unterminated string meets end of file
/home/matt/projects/myapp/app/views/layouts/application.html.erb:17: syntax error, unexpected end-of-input, expecting ')'):
  
app/views/layouts/application.html.erb:15: syntax error, unexpected '<'
app/views/layouts/application.html.erb:16: unknown regexp options - htl
app/views/layouts/application.html.erb:17: unterminated string meets end of file
app/views/layouts/application.html.erb:17: syntax error, unexpected end-of-input, expecting ')'
app/controllers/application_controller.rb:4:in `angular'
Started GET "/" for 127.0.0.1 at 2017-07-12 18:44:24 +0200
Processing by ApplicationController#angular as HTML
  Rendering layouts/application.html.erb within layouts/application
  Rendered layouts/application.html.erb within layouts/application (18.0ms)
Completed 200 OK in 24ms (Views: 23.7ms)


Started GET "/" for 127.0.0.1 at 2017-07-12 18:44:36 +0200
Processing by ApplicationController#angular as HTML
  Rendering layouts/application.html.erb within layouts/application
  Rendered layouts/application.html.erb within layouts/application (0.9ms)
Completed 500 Internal Server Error in 4ms


  
SyntaxError (/home/matt/projects/myapp/app/views/layouts/application.html.erb:15: syntax error, unexpected '<'
  </body>
   ^
/home/matt/projects/myapp/app/views/layouts/application.html.erb:16: unknown regexp options - htl
/home/matt/projects/myapp/app/views/layouts/application.html.erb:17: unterminated string meets end of file
/home/matt/projects/myapp/app/views/layouts/application.html.erb:17: syntax error, unexpected end-of-input, expecting ')'):
  
app/views/layouts/application.html.erb:15: syntax error, unexpected '<'
app/views/layouts/application.html.erb:16: unknown regexp options - htl
app/views/layouts/application.html.erb:17: unterminated string meets end of file
app/views/layouts/application.html.erb:17: syntax error, unexpected end-of-input, expecting ')'
app/controllers/application_controller.rb:4:in `angular'
Started GET "/" for 127.0.0.1 at 2017-07-12 18:44:47 +0200
Processing by ApplicationController#angular as HTML
  Rendering layouts/application.html.erb within layouts/application
  Rendered layouts/application.html.erb within layouts/application (1.1ms)
Completed 500 Internal Server Error in 4ms


  
SyntaxError (/home/matt/projects/myapp/app/views/layouts/application.html.erb:15: syntax error, unexpected '<'
  </body>
   ^
/home/matt/projects/myapp/app/views/layouts/application.html.erb:16: unknown regexp options - htl
/home/matt/projects/myapp/app/views/layouts/application.html.erb:17: unterminated string meets end of file
/home/matt/projects/myapp/app/views/layouts/application.html.erb:17: syntax error, unexpected end-of-input, expecting ')'):
  
app/views/layouts/application.html.erb:15: syntax error, unexpected '<'
app/views/layouts/application.html.erb:16: unknown regexp options - htl
app/views/layouts/application.html.erb:17: unterminated string meets end of file
app/views/layouts/application.html.erb:17: syntax error, unexpected end-of-input, expecting ')'
app/controllers/application_controller.rb:4:in `angular'
Started GET "/" for 127.0.0.1 at 2017-07-12 18:44:52 +0200
Processing by ApplicationController#angular as HTML
  Rendering layouts/application.html.erb within layouts/application
  Rendered layouts/application.html.erb within layouts/application (16.0ms)
Completed 200 OK in 21ms (Views: 20.5ms)


Started GET "/" for 127.0.0.1 at 2017-07-12 18:45:00 +0200
Processing by ApplicationController#angular as HTML
  Rendering layouts/application.html.erb within layouts/application
  Rendered layouts/application.html.erb within layouts/application (13.3ms)
Completed 200 OK in 19ms (Views: 18.3ms)


Started GET "/" for 127.0.0.1 at 2017-07-12 18:45:01 +0200
Processing by ApplicationController#angular as HTML
  Rendering layouts/application.html.erb within layouts/application
  Rendered layouts/application.html.erb within layouts/application (14.3ms)
Completed 200 OK in 20ms (Views: 19.1ms)


Started GET "/" for 127.0.0.1 at 2017-07-13 07:15:10 +0200
Processing by ApplicationController#angular as HTML
  Rendering layouts/application.html.erb within layouts/application
  Rendered layouts/application.html.erb within layouts/application (187.6ms)
Completed 500 Internal Server Error in 388ms


  
ActionView::Template::Error (couldn't find file 'bootstrap/dist/css/bootstrap' with type 'text/css'
Checked in these paths: 
  /home/matt/projects/myapp/app/assets/config
  /home/matt/projects/myapp/app/assets/images
  /home/matt/projects/myapp/app/assets/javascripts
  /home/matt/projects/myapp/app/assets/stylesheets
  /home/matt/.rvm/gems/ruby-2.3.4/gems/coffee-rails-4.2.2/lib/assets/javascripts
  /home/matt/.rvm/gems/ruby-2.3.4/gems/actioncable-5.1.2/lib/assets/compiled
  /home/matt/.rvm/gems/ruby-2.3.4/gems/actionview-5.1.2/lib/assets/compiled
  /home/matt/.rvm/gems/ruby-2.3.4/gems/turbolinks-source-5.0.3/lib/assets/javascripts
  /home/matt/projects/myapp/node_modules):
    4:     <title>Myapp</title>
    5:     <%= csrf_meta_tags %>
    6: 
    7:     <%= stylesheet_link_tag    'application', media: 'all', 'data-turbolinks-track': 'reload' %>
    8:     <%= javascript_include_tag 'application', 'data-turbolinks-track': 'reload' %>
    9:   </head>
   10: 
  
app/assets/stylesheets/application.css:15
app/views/layouts/application.html.erb:7:in `_app_views_layouts_application_html_erb___596254740886906210_46914267680660'
app/controllers/application_controller.rb:4:in `angular'
Started GET "/" for 127.0.0.1 at 2017-07-13 07:15:33 +0200
Processing by ApplicationController#angular as HTML
  Rendering layouts/application.html.erb within layouts/application
  Rendered layouts/application.html.erb within layouts/application (184.2ms)
Completed 500 Internal Server Error in 358ms


  
ActionView::Template::Error (couldn't find file 'bootstrap/dist/css/bootstrap' with type 'text/css'
Checked in these paths: 
  /home/matt/projects/myapp/app/assets/config
  /home/matt/projects/myapp/app/assets/images
  /home/matt/projects/myapp/app/assets/javascripts
  /home/matt/projects/myapp/app/assets/stylesheets
  /home/matt/.rvm/gems/ruby-2.3.4/gems/coffee-rails-4.2.2/lib/assets/javascripts
  /home/matt/.rvm/gems/ruby-2.3.4/gems/actioncable-5.1.2/lib/assets/compiled
  /home/matt/.rvm/gems/ruby-2.3.4/gems/actionview-5.1.2/lib/assets/compiled
  /home/matt/.rvm/gems/ruby-2.3.4/gems/turbolinks-source-5.0.3/lib/assets/javascripts
  /home/matt/projects/myapp/node_modules):
    4:     <title>Myapp</title>
    5:     <%= csrf_meta_tags %>
    6: 
    7:     <%= stylesheet_link_tag    'application', media: 'all', 'data-turbolinks-track': 'reload' %>
    8:     <%= javascript_include_tag 'application', 'data-turbolinks-track': 'reload' %>
    9:   </head>
   10: 
  
app/assets/stylesheets/application.css:15
app/views/layouts/application.html.erb:7:in `_app_views_layouts_application_html_erb___211823558723978058_47367375134200'
app/controllers/application_controller.rb:4:in `angular'
Started GET "/" for 127.0.0.1 at 2017-07-13 07:15:47 +0200
Processing by ApplicationController#angular as HTML
  Rendering layouts/application.html.erb within layouts/application
  Rendered layouts/application.html.erb within layouts/application (18.4ms)
Completed 500 Internal Server Error in 21ms


  
ActionView::Template::Error (couldn't find file 'angular' with type 'application/javascript'
Checked in these paths: 
  /home/matt/projects/myapp/app/assets/config
  /home/matt/projects/myapp/app/assets/images
  /home/matt/projects/myapp/app/assets/javascripts
  /home/matt/projects/myapp/app/assets/stylesheets
  /home/matt/.rvm/gems/ruby-2.3.4/gems/coffee-rails-4.2.2/lib/assets/javascripts
  /home/matt/.rvm/gems/ruby-2.3.4/gems/actioncable-5.1.2/lib/assets/compiled
  /home/matt/.rvm/gems/ruby-2.3.4/gems/actionview-5.1.2/lib/assets/compiled
  /home/matt/.rvm/gems/ruby-2.3.4/gems/turbolinks-source-5.0.3/lib/assets/javascripts
  /home/matt/projects/myapp/node_modules):
    4:     <title>Myapp</title>
    5:     <%= csrf_meta_tags %>
    6: 
    7:     <%= stylesheet_link_tag    'application', media: 'all', 'data-turbolinks-track': 'reload' %>
    8:     <%= javascript_include_tag 'application', 'data-turbolinks-track': 'reload' %>
    9:   </head>
   10: 
  
app/assets/javascripts/application.js:15
app/views/layouts/application.html.erb:7:in `_app_views_layouts_application_html_erb___211823558723978058_70139217119260'
app/controllers/application_controller.rb:4:in `angular'
Started GET "/" for 127.0.0.1 at 2017-07-13 07:24:16 +0200
Processing by ApplicationController#angular as HTML
  Rendering layouts/application.html.erb within layouts/application
Started GET "/" for 127.0.0.1 at 2017-07-13 07:24:17 +0200
Processing by ApplicationController#angular as HTML
  Rendering layouts/application.html.erb within layouts/application
  Rendered layouts/application.html.erb within layouts/application (1172.4ms)
Completed 200 OK in 1352ms (Views: 1186.6ms)


  Rendered layouts/application.html.erb within layouts/application (1085.3ms)
Completed 200 OK in 1098ms (Views: 1096.7ms)


Started GET "/" for 127.0.0.1 at 2017-07-13 07:47:45 +0200
Processing by ApplicationController#angular as HTML
  Rendering layouts/application.html.erb within layouts/application
  Rendered layouts/application.html.erb within layouts/application (16.1ms)
Completed 200 OK in 23ms (Views: 22.1ms)


Started GET "/" for 127.0.0.1 at 2017-07-13 07:47:47 +0200
Processing by ApplicationController#angular as HTML
  Rendering layouts/application.html.erb within layouts/application
  Rendered layouts/application.html.erb within layouts/application (15.6ms)
Completed 200 OK in 23ms (Views: 22.1ms)


Started GET "/" for 127.0.0.1 at 2017-07-15 08:40:28 +0200
Processing by ApplicationController#angular as HTML
  Rendering layouts/application.html.erb within layouts/application
  Rendered layouts/application.html.erb within layouts/application (270.0ms)
Completed 200 OK in 485ms (Views: 277.7ms)


Started GET "/" for 127.0.0.1 at 2017-07-15 08:42:40 +0200
Processing by ApplicationController#angular as HTML
  Rendering layouts/application.html.erb within layouts/application
  Rendered layouts/application.html.erb within layouts/application (15.3ms)
Completed 200 OK in 22ms (Views: 20.9ms)


Started GET "/" for 127.0.0.1 at 2017-07-15 08:42:46 +0200
Processing by ApplicationController#angular as HTML
  Rendering layouts/application.html.erb within layouts/application
  Rendered layouts/application.html.erb within layouts/application (14.6ms)
Completed 200 OK in 21ms (Views: 20.1ms)


Started GET "/" for 127.0.0.1 at 2017-07-15 08:44:43 +0200
Processing by ApplicationController#angular as HTML
Completed 500 Internal Server Error in 30ms


  
ActionView::MissingTemplate (Missing template application/main with {:locale=>[:en], :formats=>[:html], :variants=>[], :handlers=>[:raw, :erb, :html, :builder, :ruby, :coffee, :jbuilder]}. Searched in:
  * "/home/matt/projects/myapp/app/views"
):
  
app/controllers/application_controller.rb:5:in `angular'
Started GET "/" for 127.0.0.1 at 2017-07-15 08:44:52 +0200
Processing by ApplicationController#angular as HTML
  Rendering main.html.erb within layouts/application
  Rendered main.html.erb within layouts/application (0.7ms)
Completed 200 OK in 32ms (Views: 30.3ms)


Started GET "/" for 127.0.0.1 at 2017-07-15 08:47:06 +0200
Processing by ApplicationController#angular as HTML
  Rendering main.html.erb within layouts/application
  Rendered main.html.erb within layouts/application (0.4ms)
Completed 200 OK in 24ms (Views: 22.8ms)


Started GET "/" for 127.0.0.1 at 2017-07-15 08:47:08 +0200
Processing by ApplicationController#angular as HTML
  Rendering main.html.erb within layouts/application
  Rendered main.html.erb within layouts/application (0.5ms)
Completed 200 OK in 26ms (Views: 25.7ms)


Started GET "/" for 127.0.0.1 at 2017-07-15 08:48:12 +0200
Processing by ApplicationController#angular as HTML
  Rendering main.html.erb within layouts/application
  Rendered main.html.erb within layouts/application (0.6ms)
Completed 200 OK in 260ms (Views: 259.2ms)


Started GET "/" for 127.0.0.1 at 2017-07-15 08:50:29 +0200
Processing by ApplicationController#angular as HTML
  Rendering main.html.erb within layouts/application
  Rendered main.html.erb within layouts/application (0.3ms)
Completed 200 OK in 16ms (Views: 15.4ms)


Started GET "/" for 127.0.0.1 at 2017-07-15 08:51:32 +0200
Processing by ApplicationController#angular as HTML
  Rendering layouts/main.html.erb within layouts/application
  Rendered layouts/main.html.erb within layouts/application (0.4ms)
Completed 200 OK in 18ms (Views: 16.9ms)


Started GET "/" for 127.0.0.1 at 2017-07-15 08:55:27 +0200
Processing by ApplicationController#angular as HTML
  Rendering layouts/main.html.erb within layouts/application
  Rendered layouts/main.html.erb within layouts/application (0.4ms)
Completed 200 OK in 250ms (Views: 249.3ms)


Started GET "/" for 127.0.0.1 at 2017-07-15 08:55:50 +0200
Processing by ApplicationController#angular as HTML
  Rendering layouts/main.html.erb within layouts/application
  Rendered layouts/main.html.erb within layouts/application (0.6ms)
Completed 200 OK in 270ms (Views: 269.4ms)


Started GET "/" for 127.0.0.1 at 2017-07-15 08:56:38 +0200
Processing by ApplicationController#angular as HTML
  Rendering layouts/main.html.erb within layouts/application
  Rendered layouts/main.html.erb within layouts/application (0.4ms)
Completed 500 Internal Server Error in 12ms


  
ActionView::Template::Error (require_tree argument must be a directory):
     5:     <%= csrf_meta_tags %>
     6: 
     7:     <%= stylesheet_link_tag    'application', media: 'all' %>
     8:     <%= javascript_include_tag 'application' %>
     9:     <%= csrf_meta_tags %>
    10:   </head>
    11: 
  
app/assets/javascripts/application.js:17
app/views/layouts/application.html.erb:8:in `_app_views_layouts_application_html_erb__1158521577362568835_47236934586020'
app/controllers/application_controller.rb:5:in `angular'
Started GET "/" for 127.0.0.1 at 2017-07-15 08:57:22 +0200
Processing by ApplicationController#angular as HTML
  Rendering layouts/main.html.erb within layouts/application
  Rendered layouts/main.html.erb within layouts/application (0.4ms)
Completed 200 OK in 253ms (Views: 252.8ms)


Started GET "/" for 127.0.0.1 at 2017-07-15 08:57:49 +0200
Processing by ApplicationController#angular as HTML
  Rendering layouts/main.html.erb within layouts/application
  Rendered layouts/main.html.erb within layouts/application (0.3ms)
Completed 200 OK in 420ms (Views: 419.7ms)


Started GET "/" for 127.0.0.1 at 2017-07-15 08:58:07 +0200
Processing by ApplicationController#angular as HTML
  Rendering layouts/main.html.erb within layouts/application
  Rendered layouts/main.html.erb within layouts/application (0.5ms)
Completed 200 OK in 285ms (Views: 284.6ms)


Started GET "/" for 127.0.0.1 at 2017-07-15 08:59:56 +0200
Processing by ApplicationController#angular as HTML
  Rendering layouts/main.html.erb within layouts/application
  Rendered layouts/main.html.erb within layouts/application (0.4ms)
Completed 200 OK in 236ms (Views: 235.5ms)


Started GET "/" for 127.0.0.1 at 2017-07-17 18:11:44 +0200
Processing by ApplicationController#angular as HTML
  Rendering layouts/main.html.erb within layouts/application
  Rendered layouts/main.html.erb within layouts/application (1.4ms)
Started GET "/" for 127.0.0.1 at 2017-07-17 18:11:44 +0200
Processing by ApplicationController#angular as HTML
  Rendering layouts/main.html.erb within layouts/application
  Rendered layouts/main.html.erb within layouts/application (0.5ms)
Completed 200 OK in 1368ms (Views: 1164.6ms)


Completed 200 OK in 1037ms (Views: 1035.8ms)


Started GET "/" for 127.0.0.1 at 2017-07-17 19:02:36 +0200
Processing by ApplicationController#angular as HTML
  Rendering layouts/main.html.erb within layouts/application
  Rendered layouts/main.html.erb within layouts/application (0.9ms)
Completed 200 OK in 992ms (Views: 814.9ms)


Started GET "/" for 127.0.0.1 at 2017-07-17 19:02:47 +0200
Processing by ApplicationController#angular as HTML
  Rendering layouts/main.html.erb within layouts/application
  Rendered layouts/main.html.erb within layouts/application (1.1ms)
Completed 200 OK in 28ms (Views: 27.0ms)


Started GET "/" for 127.0.0.1 at 2017-07-17 20:14:09 +0200
Processing by ApplicationController#angular as HTML
  Rendering layouts/main.html.erb within layouts/application
  Rendered layouts/main.html.erb within layouts/application (0.3ms)
Completed 200 OK in 345ms (Views: 344.6ms)


  [1m[35m (0.4ms)[0m  [1m[34mSELECT pg_try_advisory_lock(7864839756650184315);[0m
  [1m[35m (1.3ms)[0m  [1m[34mSELECT "schema_migrations"."version" FROM "schema_migrations" ORDER BY "schema_migrations"."version" ASC[0m
Migrating to CreateFiremen (20170722080156)
  [1m[35m (0.2ms)[0m  [1m[35mBEGIN[0m
  [1m[35m (66.3ms)[0m  [1m[35mCREATE TABLE "firemen" ("id" bigserial primary key, "name" character varying, "surname" character varying, "email" character varying, "created_at" timestamp NOT NULL, "updated_at" timestamp NOT NULL)[0m
  [1m[35mSQL (0.9ms)[0m  [1m[32mINSERT INTO "schema_migrations" ("version") VALUES ($1) RETURNING "version"[0m  [["version", "20170722080156"]]
  [1m[35m (13.5ms)[0m  [1m[35mCOMMIT[0m
  [1m[36mActiveRecord::InternalMetadata Load (2.7ms)[0m  [1m[34mSELECT  "ar_internal_metadata".* FROM "ar_internal_metadata" WHERE "ar_internal_metadata"."key" = $1 LIMIT $2[0m  [["key", "environment"], ["LIMIT", 1]]
  [1m[35m (0.3ms)[0m  [1m[35mBEGIN[0m
  [1m[35m (0.2ms)[0m  [1m[35mCOMMIT[0m
  [1m[35m (0.3ms)[0m  [1m[34mSELECT pg_advisory_unlock(7864839756650184315)[0m
  [1m[35m (0.3ms)[0m  [1m[34mSELECT "schema_migrations"."version" FROM "schema_migrations" ORDER BY "schema_migrations"."version" ASC[0m
Started GET "/" for 127.0.0.1 at 2017-07-22 11:45:24 +0200
  [1m[35m (1.4ms)[0m  [1m[34mSELECT "schema_migrations"."version" FROM "schema_migrations" ORDER BY "schema_migrations"."version" ASC[0m
  
ActiveRecord::PendingMigrationError (

Migrations are pending. To resolve this issue, run:

        bin/rails db:migrate RAILS_ENV=development

):
  
activerecord (5.1.2) lib/active_record/migration.rb:576:in `check_pending!'
activerecord (5.1.2) lib/active_record/migration.rb:553:in `call'
actionpack (5.1.2) lib/action_dispatch/middleware/callbacks.rb:26:in `block in call'
activesupport (5.1.2) lib/active_support/callbacks.rb:97:in `run_callbacks'
actionpack (5.1.2) lib/action_dispatch/middleware/callbacks.rb:24:in `call'
actionpack (5.1.2) lib/action_dispatch/middleware/executor.rb:12:in `call'
actionpack (5.1.2) lib/action_dispatch/middleware/debug_exceptions.rb:59:in `call'
web-console (3.5.1) lib/web_console/middleware.rb:135:in `call_app'
web-console (3.5.1) lib/web_console/middleware.rb:28:in `block in call'
web-console (3.5.1) lib/web_console/middleware.rb:18:in `catch'
web-console (3.5.1) lib/web_console/middleware.rb:18:in `call'
actionpack (5.1.2) lib/action_dispatch/middleware/show_exceptions.rb:31:in `call'
railties (5.1.2) lib/rails/rack/logger.rb:36:in `call_app'
railties (5.1.2) lib/rails/rack/logger.rb:24:in `block in call'
activesupport (5.1.2) lib/active_support/tagged_logging.rb:69:in `block in tagged'
activesupport (5.1.2) lib/active_support/tagged_logging.rb:26:in `tagged'
activesupport (5.1.2) lib/active_support/tagged_logging.rb:69:in `tagged'
railties (5.1.2) lib/rails/rack/logger.rb:24:in `call'
sprockets-rails (3.2.0) lib/sprockets/rails/quiet_assets.rb:13:in `call'
actionpack (5.1.2) lib/action_dispatch/middleware/remote_ip.rb:79:in `call'
actionpack (5.1.2) lib/action_dispatch/middleware/request_id.rb:25:in `call'
rack (2.0.3) lib/rack/method_override.rb:22:in `call'
rack (2.0.3) lib/rack/runtime.rb:22:in `call'
activesupport (5.1.2) lib/active_support/cache/strategy/local_cache_middleware.rb:27:in `call'
actionpack (5.1.2) lib/action_dispatch/middleware/executor.rb:12:in `call'
actionpack (5.1.2) lib/action_dispatch/middleware/static.rb:125:in `call'
rack (2.0.3) lib/rack/sendfile.rb:111:in `call'
railties (5.1.2) lib/rails/engine.rb:522:in `call'
puma (3.9.1) lib/puma/configuration.rb:224:in `call'
puma (3.9.1) lib/puma/server.rb:602:in `handle_request'
puma (3.9.1) lib/puma/server.rb:435:in `process_client'
puma (3.9.1) lib/puma/server.rb:299:in `block in run'
puma (3.9.1) lib/puma/thread_pool.rb:120:in `block in spawn_thread'
Started GET "/" for 127.0.0.1 at 2017-07-22 21:56:56 +0200
  [1m[35m (1.4ms)[0m  [1m[34mSELECT "schema_migrations"."version" FROM "schema_migrations" ORDER BY "schema_migrations"."version" ASC[0m
  
ActionController::RoutingError (undefined method `respond_to' for ApplicationController:Class
Did you mean?  respond_to?):
  
app/controllers/application_controller.rb:3:in `<class:ApplicationController>'
app/controllers/application_controller.rb:1:in `<top (required)>'
Started GET "/" for 127.0.0.1 at 2017-07-22 22:17:04 +0200
  
ActionController::RoutingError (undefined method `respond_to' for ApplicationController:Class
Did you mean?  respond_to?):
  
app/controllers/application_controller.rb:3:in `<class:ApplicationController>'
app/controllers/application_controller.rb:1:in `<top (required)>'
Started GET "/" for 127.0.0.1 at 2017-07-22 22:17:36 +0200
  [1m[35m (0.8ms)[0m  [1m[34mSELECT "schema_migrations"."version" FROM "schema_migrations" ORDER BY "schema_migrations"."version" ASC[0m
  
ActionController::RoutingError (undefined method `respond_to' for ApplicationController:Class
Did you mean?  respond_to?):
  
app/controllers/application_controller.rb:3:in `<class:ApplicationController>'
app/controllers/application_controller.rb:1:in `<top (required)>'
Started GET "/" for 127.0.0.1 at 2017-07-22 22:17:39 +0200
  
ActionController::RoutingError (undefined method `respond_to' for ApplicationController:Class
Did you mean?  respond_to?):
  
app/controllers/application_controller.rb:3:in `<class:ApplicationController>'
app/controllers/application_controller.rb:1:in `<top (required)>'
Started GET "/" for 127.0.0.1 at 2017-07-22 22:18:57 +0200
  
ActionController::RoutingError (undefined method `respond_to' for ApplicationController:Class
Did you mean?  respond_to?):
  
app/controllers/application_controller.rb:3:in `<class:ApplicationController>'
app/controllers/application_controller.rb:1:in `<top (required)>'
Started GET "/" for 127.0.0.1 at 2017-07-22 22:23:20 +0200
  
ActionController::RoutingError (undefined method `respond_to' for ApplicationController:Class
Did you mean?  respond_to?):
  
app/controllers/application_controller.rb:3:in `<class:ApplicationController>'
app/controllers/application_controller.rb:1:in `<top (required)>'
Started GET "/" for 127.0.0.1 at 2017-07-22 22:23:26 +0200
  [1m[35m (1.0ms)[0m  [1m[34mSELECT "schema_migrations"."version" FROM "schema_migrations" ORDER BY "schema_migrations"."version" ASC[0m
  
ActionController::RoutingError (undefined method `respond_to' for ApplicationController:Class
Did you mean?  respond_to?):
  
app/controllers/application_controller.rb:3:in `<class:ApplicationController>'
app/controllers/application_controller.rb:1:in `<top (required)>'
Started GET "/" for 127.0.0.1 at 2017-07-22 22:23:26 +0200
  
ActionController::RoutingError (undefined method `respond_to' for ApplicationController:Class
Did you mean?  respond_to?):
  
app/controllers/application_controller.rb:3:in `<class:ApplicationController>'
app/controllers/application_controller.rb:1:in `<top (required)>'
Started GET "/" for 127.0.0.1 at 2017-07-22 22:41:48 +0200
  
ActionController::RoutingError (undefined method `respond_to' for ApplicationController:Class
Did you mean?  respond_to?):
  
app/controllers/application_controller.rb:3:in `<class:ApplicationController>'
app/controllers/application_controller.rb:1:in `<top (required)>'
Started GET "/" for 127.0.0.1 at 2017-07-22 23:00:53 +0200
  
ActionController::RoutingError (undefined method `respond_to' for ApplicationController:Class
Did you mean?  respond_to?):
  
app/controllers/application_controller.rb:8:in `<class:ApplicationController>'
app/controllers/application_controller.rb:1:in `<top (required)>'
Started POST "/__web_console/repl_sessions/46a6ce320bd70c894b68cbf6fd9c0e87/trace" for 127.0.0.1 at 2017-07-22 23:01:04 +0200
Started GET "/" for 127.0.0.1 at 2017-07-22 23:01:11 +0200
  
ActionController::RoutingError (undefined method `respond_to' for ApplicationController:Class
Did you mean?  respond_to?):
  
app/controllers/application_controller.rb:4:in `<class:ApplicationController>'
app/controllers/application_controller.rb:1:in `<top (required)>'
Started GET "/" for 127.0.0.1 at 2017-07-22 23:01:14 +0200
  
ActionController::RoutingError (undefined method `respond_to' for ApplicationController:Class
Did you mean?  respond_to?):
  
app/controllers/application_controller.rb:4:in `<class:ApplicationController>'
app/controllers/application_controller.rb:1:in `<top (required)>'
Started POST "/__web_console/repl_sessions/2ee5779c6f251648c5595407830bc347/trace" for 127.0.0.1 at 2017-07-22 23:01:45 +0200
Started GET "/" for 127.0.0.1 at 2017-07-22 23:05:09 +0200
Processing by ApplicationController#angular as HTML
  Rendering layouts/main.html.erb within layouts/application
  Rendered layouts/main.html.erb within layouts/application (0.3ms)
Completed 200 OK in 905ms (Views: 904.6ms | ActiveRecord: 0.0ms)


Started GET "/" for 127.0.0.1 at 2017-07-22 23:49:22 +0200
Processing by ApplicationController#angular as HTML
  Rendering layouts/main.html.erb within layouts/application
  Rendered layouts/main.html.erb within layouts/application (0.8ms)
Completed 200 OK in 64ms (Views: 63.6ms | ActiveRecord: 0.0ms)


Started GET "/" for 127.0.0.1 at 2017-07-22 23:49:29 +0200
Processing by ApplicationController#angular as HTML
  Rendering layouts/main.html.erb within layouts/application
  Rendered layouts/main.html.erb within layouts/application (0.4ms)
Completed 200 OK in 43ms (Views: 42.3ms | ActiveRecord: 0.0ms)


Started GET "/" for 127.0.0.1 at 2017-07-22 23:59:29 +0200
  [1m[35m (0.6ms)[0m  [1m[34mSELECT "schema_migrations"."version" FROM "schema_migrations" ORDER BY "schema_migrations"."version" ASC[0m
Processing by ApplicationController#angular as HTML
  Rendering layouts/main.html.erb within layouts/application
  Rendered layouts/main.html.erb within layouts/application (1.3ms)
Completed 200 OK in 448ms (Views: 436.8ms | ActiveRecord: 0.0ms)


Started GET "/" for 127.0.0.1 at 2017-07-23 00:16:02 +0200
Processing by ApplicationController#angular as HTML
  Rendering layouts/main.html.erb within layouts/application
  Rendered layouts/main.html.erb within layouts/application (0.5ms)
Completed 200 OK in 321ms (Views: 318.8ms | ActiveRecord: 0.0ms)


Started GET "/" for 127.0.0.1 at 2017-07-23 00:16:17 +0200
Processing by ApplicationController#angular as HTML
  Rendering layouts/main.html.erb within layouts/application
  Rendered layouts/main.html.erb within layouts/application (0.4ms)
Completed 200 OK in 29ms (Views: 28.4ms | ActiveRecord: 0.0ms)


Started GET "/" for 127.0.0.1 at 2017-07-23 00:16:47 +0200
Processing by ApplicationController#angular as HTML
  Rendering layouts/main.html.erb within layouts/application
  Rendered layouts/main.html.erb within layouts/application (0.3ms)
Completed 200 OK in 289ms (Views: 288.1ms | ActiveRecord: 0.0ms)


Started GET "/" for 127.0.0.1 at 2017-07-23 00:37:24 +0200
Processing by ApplicationController#angular as HTML
  Rendering layouts/main.html.erb within layouts/application
  Rendered layouts/main.html.erb within layouts/application (0.4ms)
Completed 200 OK in 263ms (Views: 261.9ms | ActiveRecord: 0.0ms)


Started GET "/" for 127.0.0.1 at 2017-07-23 12:04:49 +0200
  
ArgumentError ('FiremenController' is not a supported controller name. This can lead to potential routing problems. See http://guides.rubyonrails.org/routing.html#specifying-a-controller-to-use):
  
config/routes.rb:4:in `block in <top (required)>'
config/routes.rb:1:in `<top (required)>'
Started GET "/" for 127.0.0.1 at 2017-07-23 12:04:49 +0200
Processing by ApplicationController#angular as HTML
  Rendering layouts/main.html.erb within layouts/application
  Rendered layouts/main.html.erb within layouts/application (0.3ms)
Completed 200 OK in 32ms (Views: 31.6ms | ActiveRecord: 0.0ms)


Started GET "/" for 127.0.0.1 at 2017-07-23 12:10:43 +0200
Processing by ApplicationController#angular as HTML
  Rendering layouts/main.html.erb within layouts/application
  Rendered layouts/main.html.erb within layouts/application (0.4ms)
Completed 200 OK in 30ms (Views: 29.7ms | ActiveRecord: 0.0ms)


Started GET "/" for 127.0.0.1 at 2017-07-23 12:10:47 +0200
Processing by ApplicationController#angular as HTML
  Rendering layouts/main.html.erb within layouts/application
  Rendered layouts/main.html.erb within layouts/application (0.5ms)
Completed 200 OK in 29ms (Views: 28.0ms | ActiveRecord: 0.0ms)


Started GET "/" for 127.0.0.1 at 2017-07-23 12:16:24 +0200
Processing by ApplicationController#angular as HTML
  Rendering layouts/main.html.erb within layouts/application
  Rendered layouts/main.html.erb within layouts/application (0.4ms)
Completed 200 OK in 27ms (Views: 25.9ms | ActiveRecord: 0.0ms)


Started GET "/" for 127.0.0.1 at 2017-07-23 12:16:45 +0200
Started GET "/" for 127.0.0.1 at 2017-07-23 12:16:45 +0200
  [1m[35m (2.0ms)[0m  [1m[34mSELECT "schema_migrations"."version" FROM "schema_migrations" ORDER BY "schema_migrations"."version" ASC[0m
  [1m[35m (2.2ms)[0m  [1m[34mSELECT "schema_migrations"."version" FROM "schema_migrations" ORDER BY "schema_migrations"."version" ASC[0m
Processing by ApplicationController#angular as HTML
Processing by ApplicationController#angular as HTML
  Rendering layouts/main.html.erb within layouts/application
  Rendering layouts/main.html.erb within layouts/application
  Rendered layouts/main.html.erb within layouts/application (1.7ms)
  Rendered layouts/main.html.erb within layouts/application (72.9ms)
Completed 200 OK in 984ms (Views: 983.5ms | ActiveRecord: 0.0ms)


Completed 200 OK in 1114ms (Views: 1107.0ms | ActiveRecord: 0.0ms)


Started GET "/" for 127.0.0.1 at 2017-07-23 12:17:36 +0200
  [1m[35m (1.1ms)[0m  [1m[34mSELECT "schema_migrations"."version" FROM "schema_migrations" ORDER BY "schema_migrations"."version" ASC[0m
Processing by ApplicationController#angular as HTML
  Rendering layouts/main.html.erb within layouts/application
  Rendered layouts/main.html.erb within layouts/application (1.2ms)
Started GET "/" for 127.0.0.1 at 2017-07-23 12:17:36 +0200
Processing by ApplicationController#angular as HTML
  Rendering layouts/main.html.erb within layouts/application
  Rendered layouts/main.html.erb within layouts/application (0.5ms)
Completed 200 OK in 183ms (Views: 182.4ms | ActiveRecord: 0.0ms)


Completed 200 OK in 494ms (Views: 485.2ms | ActiveRecord: 0.0ms)


Started GET "/" for 127.0.0.1 at 2017-07-23 15:18:31 +0200
  
Started GET "/" for 127.0.0.1 at 2017-07-23 15:18:41 +0200
ArgumentError ('Firemen' is not a supported controller name. This can lead to potential routing problems. See http://guides.rubyonrails.org/routing.html#specifying-a-controller-to-use):
  
Started GET "/" for 127.0.0.1 at 2017-07-23 15:18:41 +0200
config/routes.rb:4:in `block in <top (required)>'
config/routes.rb:1:in `<top (required)>'
Processing by ApplicationController#angular as HTML
Processing by ApplicationController#angular as HTML
  Rendering layouts/main.html.erb within layouts/application
  Rendered layouts/main.html.erb within layouts/application (0.4ms)
  Rendering layouts/main.html.erb within layouts/application
  Rendered layouts/main.html.erb within layouts/application (0.1ms)
Completed 200 OK in 57ms (Views: 56.2ms | ActiveRecord: 0.0ms)


Completed 200 OK in 62ms (Views: 61.1ms | ActiveRecord: 0.0ms)


Started GET "/" for 127.0.0.1 at 2017-07-23 15:18:42 +0200
Processing by ApplicationController#angular as HTML
  Rendering layouts/main.html.erb within layouts/application
  Rendered layouts/main.html.erb within layouts/application (0.4ms)
Completed 200 OK in 26ms (Views: 25.4ms | ActiveRecord: 0.0ms)


Started GET "/" for 127.0.0.1 at 2017-07-23 16:16:01 +0200
  [1m[35m (1.0ms)[0m  [1m[34mSELECT "schema_migrations"."version" FROM "schema_migrations" ORDER BY "schema_migrations"."version" ASC[0m
Processing by ApplicationController#angular as HTML
  Rendering layouts/main.html.erb within layouts/application
  Rendered layouts/main.html.erb within layouts/application (1.7ms)
Completed 200 OK in 901ms (Views: 893.1ms | ActiveRecord: 0.0ms)


Started GET "/" for 127.0.0.1 at 2017-07-23 16:28:37 +0200
Processing by ApplicationController#angular as HTML
  Rendering layouts/main.html.erb within layouts/application
  Rendered layouts/main.html.erb within layouts/application (0.5ms)
Completed 200 OK in 39ms (Views: 38.0ms | ActiveRecord: 0.0ms)


Started GET "/" for 127.0.0.1 at 2017-07-23 16:28:43 +0200
Processing by ApplicationController#angular as HTML
  Rendering layouts/main.html.erb within layouts/application
  Rendered layouts/main.html.erb within layouts/application (0.7ms)
Completed 200 OK in 74ms (Views: 73.0ms | ActiveRecord: 0.0ms)


Started GET "/" for 127.0.0.1 at 2017-07-23 16:28:44 +0200
Processing by ApplicationController#angular as HTML
  Rendering layouts/main.html.erb within layouts/application
  Rendered layouts/main.html.erb within layouts/application (1.0ms)
Completed 200 OK in 64ms (Views: 63.4ms | ActiveRecord: 0.0ms)


Started GET "/" for 127.0.0.1 at 2017-07-23 16:31:05 +0200
Processing by ApplicationController#angular as HTML
  Rendering layouts/main.html.erb within layouts/application
  Rendered layouts/main.html.erb within layouts/application (0.4ms)
Started GET "/" for 127.0.0.1 at 2017-07-23 16:31:05 +0200
Processing by ApplicationController#angular as HTML
  Rendering layouts/main.html.erb within layouts/application
  Rendered layouts/main.html.erb within layouts/application (0.4ms)
Completed 200 OK in 392ms (Views: 390.9ms | ActiveRecord: 0.0ms)


Completed 200 OK in 288ms (Views: 286.9ms | ActiveRecord: 0.0ms)


Started GET "/all_firemen" for 127.0.0.1 at 2017-07-23 16:31:06 +0200
  
ActionController::RoutingError (undefined method `respond_to' for FiremenController:Class
Did you mean?  respond_to?):
  
app/controllers/firemen_controller.rb:2:in `<class:FiremenController>'
app/controllers/firemen_controller.rb:1:in `<top (required)>'
Started GET "/" for 127.0.0.1 at 2017-07-23 16:31:40 +0200
Processing by ApplicationController#angular as HTML
  Rendering layouts/main.html.erb within layouts/application
  Rendered layouts/main.html.erb within layouts/application (0.4ms)
Completed 200 OK in 28ms (Views: 27.0ms | ActiveRecord: 0.0ms)


Started GET "/all_firemen" for 127.0.0.1 at 2017-07-23 16:31:40 +0200
Processing by FiremenController#all_firemen as HTML
Completed 500 Internal Server Error in 226ms (ActiveRecord: 62.0ms)


  
NameError (uninitialized constant Firemen::Name):
  
app/controllers/firemen_controller.rb:11:in `all_firemen'
Started GET "/" for 127.0.0.1 at 2017-07-23 16:31:44 +0200
Processing by ApplicationController#angular as HTML
  Rendering layouts/main.html.erb within layouts/application
  Rendered layouts/main.html.erb within layouts/application (0.4ms)
Completed 200 OK in 24ms (Views: 23.5ms | ActiveRecord: 0.0ms)


Started GET "/all_firemen" for 127.0.0.1 at 2017-07-23 16:31:44 +0200
Processing by FiremenController#all_firemen as HTML
Completed 500 Internal Server Error in 6ms (ActiveRecord: 0.0ms)


  
NameError (uninitialized constant Firemen::Name):
  
app/controllers/firemen_controller.rb:11:in `all_firemen'
Started GET "/" for 127.0.0.1 at 2017-07-23 16:31:46 +0200
Processing by ApplicationController#angular as HTML
  Rendering layouts/main.html.erb within layouts/application
  Rendered layouts/main.html.erb within layouts/application (0.4ms)
Completed 200 OK in 26ms (Views: 25.7ms | ActiveRecord: 0.0ms)


Started GET "/all_firemen" for 127.0.0.1 at 2017-07-23 16:31:46 +0200
Processing by FiremenController#all_firemen as HTML
Completed 500 Internal Server Error in 5ms (ActiveRecord: 0.0ms)


  
NameError (uninitialized constant Firemen::Name):
  
app/controllers/firemen_controller.rb:11:in `all_firemen'
Started GET "/" for 127.0.0.1 at 2017-07-23 17:45:49 +0200
  
NameError (undefined local variable or method `‘' for #<ActionDispatch::Routing::Mapper:0x007f97e8b8bfa0>):
  
config/routes.rb:14:in `block in <top (required)>'
config/routes.rb:1:in `<top (required)>'
Started GET "/" for 127.0.0.1 at 2017-07-23 17:45:49 +0200
Processing by ApplicationController#angular as HTML
  Rendering layouts/main.html.erb within layouts/application
  Rendered layouts/main.html.erb within layouts/application (0.4ms)
Completed 200 OK in 35ms (Views: 34.1ms | ActiveRecord: 0.0ms)


Started GET "/all_firemen" for 127.0.0.1 at 2017-07-23 17:45:49 +0200
  
ActionController::RoutingError (No route matches [GET] "/all_firemen"):
  
actionpack (5.1.2) lib/action_dispatch/middleware/debug_exceptions.rb:63:in `call'
web-console (3.5.1) lib/web_console/middleware.rb:135:in `call_app'
web-console (3.5.1) lib/web_console/middleware.rb:28:in `block in call'
web-console (3.5.1) lib/web_console/middleware.rb:18:in `catch'
web-console (3.5.1) lib/web_console/middleware.rb:18:in `call'
actionpack (5.1.2) lib/action_dispatch/middleware/show_exceptions.rb:31:in `call'
railties (5.1.2) lib/rails/rack/logger.rb:36:in `call_app'
railties (5.1.2) lib/rails/rack/logger.rb:24:in `block in call'
activesupport (5.1.2) lib/active_support/tagged_logging.rb:69:in `block in tagged'
activesupport (5.1.2) lib/active_support/tagged_logging.rb:26:in `tagged'
activesupport (5.1.2) lib/active_support/tagged_logging.rb:69:in `tagged'
railties (5.1.2) lib/rails/rack/logger.rb:24:in `call'
sprockets-rails (3.2.0) lib/sprockets/rails/quiet_assets.rb:13:in `call'
actionpack (5.1.2) lib/action_dispatch/middleware/remote_ip.rb:79:in `call'
actionpack (5.1.2) lib/action_dispatch/middleware/request_id.rb:25:in `call'
rack (2.0.3) lib/rack/method_override.rb:22:in `call'
rack (2.0.3) lib/rack/runtime.rb:22:in `call'
activesupport (5.1.2) lib/active_support/cache/strategy/local_cache_middleware.rb:27:in `call'
actionpack (5.1.2) lib/action_dispatch/middleware/executor.rb:12:in `call'
actionpack (5.1.2) lib/action_dispatch/middleware/static.rb:125:in `call'
rack (2.0.3) lib/rack/sendfile.rb:111:in `call'
railties (5.1.2) lib/rails/engine.rb:522:in `call'
puma (3.9.1) lib/puma/configuration.rb:224:in `call'
puma (3.9.1) lib/puma/server.rb:602:in `handle_request'
puma (3.9.1) lib/puma/server.rb:435:in `process_client'
puma (3.9.1) lib/puma/server.rb:299:in `block in run'
puma (3.9.1) lib/puma/thread_pool.rb:120:in `block in spawn_thread'
Started GET "/" for 127.0.0.1 at 2017-07-23 17:47:26 +0200
  [1m[35m (1.3ms)[0m  [1m[34mSELECT "schema_migrations"."version" FROM "schema_migrations" ORDER BY "schema_migrations"."version" ASC[0m
Processing by ApplicationController#angular as HTML
  Rendering layouts/main.html.erb within layouts/application
  Rendered layouts/main.html.erb within layouts/application (1.2ms)
Completed 200 OK in 599ms (Views: 590.5ms | ActiveRecord: 0.0ms)


Started GET "/all_firemen" for 127.0.0.1 at 2017-07-23 17:47:27 +0200
Processing by FiremenController#all as HTML
Completed 500 Internal Server Error in 57ms (ActiveRecord: 5.0ms)


  
NameError (uninitialized constant Firemen::Name):
  
app/controllers/firemen_controller.rb:8:in `all'
Started GET "/" for 127.0.0.1 at 2017-07-23 17:48:06 +0200
  [1m[35m (1.1ms)[0m  [1m[34mSELECT "schema_migrations"."version" FROM "schema_migrations" ORDER BY "schema_migrations"."version" ASC[0m
Processing by ApplicationController#angular as HTML
  Rendering layouts/main.html.erb within layouts/application
  Rendered layouts/main.html.erb within layouts/application (0.7ms)
Completed 200 OK in 378ms (Views: 369.9ms | ActiveRecord: 0.0ms)


Started GET "/all_firemen" for 127.0.0.1 at 2017-07-23 17:48:06 +0200
Processing by FiremenController#all as HTML
Completed 500 Internal Server Error in 62ms (ActiveRecord: 3.4ms)


  
NameError (uninitialized constant Firemen::Name):
  
app/controllers/firemen_controller.rb:8:in `all'
Started GET "/" for 127.0.0.1 at 2017-07-23 17:50:25 +0200
Processing by ApplicationController#angular as HTML
  Rendering layouts/main.html.erb within layouts/application
  Rendered layouts/main.html.erb within layouts/application (0.4ms)
Started GET "/" for 127.0.0.1 at 2017-07-23 17:50:25 +0200
Processing by ApplicationController#angular as HTML
  Rendering layouts/main.html.erb within layouts/application
  Rendered layouts/main.html.erb within layouts/application (0.4ms)
Completed 200 OK in 290ms (Views: 288.9ms | ActiveRecord: 0.0ms)


Completed 200 OK in 282ms (Views: 281.0ms | ActiveRecord: 0.0ms)


Started GET "/all_firemen" for 127.0.0.1 at 2017-07-23 17:50:26 +0200
Processing by FiremenController#all as HTML
Completed 500 Internal Server Error in 6ms (ActiveRecord: 0.0ms)


  
NameError (uninitialized constant Firemen::Name):
  
app/controllers/firemen_controller.rb:8:in `all'
Started GET "/" for 127.0.0.1 at 2017-07-23 17:51:06 +0200
Processing by ApplicationController#angular as HTML
  Rendering layouts/main.html.erb within layouts/application
  Rendered layouts/main.html.erb within layouts/application (0.3ms)
Completed 200 OK in 28ms (Views: 26.7ms | ActiveRecord: 0.0ms)


Started GET "/all_firemen" for 127.0.0.1 at 2017-07-23 17:51:06 +0200
Processing by FiremenController#all as HTML
Completed 500 Internal Server Error in 21ms (ActiveRecord: 4.4ms)


  
NameError (uninitialized constant Firemen::Surname):
  
app/controllers/firemen_controller.rb:8:in `all'
Started GET "/" for 127.0.0.1 at 2017-07-23 17:51:19 +0200
Processing by ApplicationController#angular as HTML
  Rendering layouts/main.html.erb within layouts/application
  Rendered layouts/main.html.erb within layouts/application (0.4ms)
Completed 200 OK in 29ms (Views: 27.9ms | ActiveRecord: 0.0ms)


Started GET "/all_firemen" for 127.0.0.1 at 2017-07-23 17:51:19 +0200
Processing by FiremenController#all as HTML
  [1m[35m (0.2ms)[0m  [1m[35mBEGIN[0m
  [1m[35mSQL (4.6ms)[0m  [1m[32mINSERT INTO "firemen" ("name", "surname", "email", "created_at", "updated_at") VALUES ($1, $2, $3, $4, $5) RETURNING "id"[0m  [["name", "Mateusz"], ["surname", "Mmm"], ["email", "Mm@pl.pl"], ["created_at", "2017-07-23 15:51:19.763521"], ["updated_at", "2017-07-23 15:51:19.763521"]]
  [1m[35m (13.6ms)[0m  [1m[35mCOMMIT[0m
  [1m[36mFiremen Load (0.4ms)[0m  [1m[34mSELECT "firemen".* FROM "firemen"[0m
Completed 200 OK in 44ms (Views: 2.3ms | ActiveRecord: 23.9ms)


Started GET "/" for 127.0.0.1 at 2017-07-23 17:51:48 +0200
Processing by ApplicationController#angular as HTML
  Rendering layouts/main.html.erb within layouts/application
  Rendered layouts/main.html.erb within layouts/application (0.4ms)
Completed 200 OK in 25ms (Views: 24.3ms | ActiveRecord: 0.0ms)


Started GET "/all_firemen" for 127.0.0.1 at 2017-07-23 17:51:49 +0200
Processing by FiremenController#all as HTML
  [1m[35m (0.1ms)[0m  [1m[35mBEGIN[0m
  [1m[35mSQL (0.3ms)[0m  [1m[32mINSERT INTO "firemen" ("name", "surname", "email", "created_at", "updated_at") VALUES ($1, $2, $3, $4, $5) RETURNING "id"[0m  [["name", "Mateusz"], ["surname", "Mmm"], ["email", "Mm@pl.pl"], ["created_at", "2017-07-23 15:51:49.074801"], ["updated_at", "2017-07-23 15:51:49.074801"]]
  [1m[35m (12.6ms)[0m  [1m[35mCOMMIT[0m
  [1m[36mFiremen Load (0.3ms)[0m  [1m[34mSELECT "firemen".* FROM "firemen"[0m
Completed 500 Internal Server Error in 39ms (ActiveRecord: 18.5ms)


  
NoMethodError (undefined method `serializable_hash' for "Mateusz":String):
  
app/models/firemen.rb:8:in `as_json'
app/controllers/firemen_controller.rb:10:in `all'
Started GET "/all_firemen" for 127.0.0.1 at 2017-07-23 17:52:30 +0200
Processing by FiremenController#all as HTML
  [1m[35m (0.2ms)[0m  [1m[35mBEGIN[0m
  [1m[35mSQL (3.1ms)[0m  [1m[32mINSERT INTO "firemen" ("name", "surname", "email", "created_at", "updated_at") VALUES ($1, $2, $3, $4, $5) RETURNING "id"[0m  [["name", "Mateusz"], ["surname", "Mmm"], ["email", "Mm@pl.pl"], ["created_at", "2017-07-23 15:52:30.035521"], ["updated_at", "2017-07-23 15:52:30.035521"]]
  [1m[35m (10.7ms)[0m  [1m[35mCOMMIT[0m
  [1m[36mFiremen Load (0.3ms)[0m  [1m[34mSELECT "firemen".* FROM "firemen"[0m
Completed 200 OK in 35ms (Views: 1.4ms | ActiveRecord: 18.8ms)


  [1m[35m (0.5ms)[0m  [1m[34mSELECT pg_try_advisory_lock(7864839756650184315);[0m
  [1m[35m (0.6ms)[0m  [1m[34mSELECT "schema_migrations"."version" FROM "schema_migrations" ORDER BY "schema_migrations"."version" ASC[0m
Migrating to CreateLogins (20170723160011)
  [1m[35m (0.2ms)[0m  [1m[35mBEGIN[0m
  [1m[35m (88.6ms)[0m  [1m[35mCREATE TABLE "logins" ("id" bigserial primary key, "username" character varying, "password" character varying, "email" character varying, "created_at" timestamp NOT NULL, "updated_at" timestamp NOT NULL)[0m
  [1m[35mSQL (1.0ms)[0m  [1m[32mINSERT INTO "schema_migrations" ("version") VALUES ($1) RETURNING "version"[0m  [["version", "20170723160011"]]
  [1m[35m (13.8ms)[0m  [1m[35mCOMMIT[0m
  [1m[36mActiveRecord::InternalMetadata Load (1.3ms)[0m  [1m[34mSELECT  "ar_internal_metadata".* FROM "ar_internal_metadata" WHERE "ar_internal_metadata"."key" = $1 LIMIT $2[0m  [["key", "environment"], ["LIMIT", 1]]
  [1m[35m (0.3ms)[0m  [1m[35mBEGIN[0m
  [1m[35m (0.2ms)[0m  [1m[35mCOMMIT[0m
  [1m[35m (0.5ms)[0m  [1m[34mSELECT pg_advisory_unlock(7864839756650184315)[0m
  [1m[35m (0.6ms)[0m  [1m[34mSELECT "schema_migrations"."version" FROM "schema_migrations" ORDER BY "schema_migrations"."version" ASC[0m
Started GET "/" for 127.0.0.1 at 2017-07-23 18:09:19 +0200
Started GET "/" for 127.0.0.1 at 2017-07-23 18:09:19 +0200
  [1m[35m (1.4ms)[0m  [1m[34mSELECT "schema_migrations"."version" FROM "schema_migrations" ORDER BY "schema_migrations"."version" ASC[0m
Processing by ApplicationController#angular as HTML
  [1m[35m (7.7ms)[0m  [1m[34mSELECT "schema_migrations"."version" FROM "schema_migrations" ORDER BY "schema_migrations"."version" ASC[0m
Processing by ApplicationController#angular as HTML
  Rendering layouts/main.html.erb within layouts/application
  Rendering layouts/main.html.erb within layouts/application
  Rendered layouts/main.html.erb within layouts/application (2.0ms)
  Rendered layouts/main.html.erb within layouts/application (0.1ms)
Completed 200 OK in 975ms (Views: 973.6ms | ActiveRecord: 0.0ms)


Completed 200 OK in 1137ms (Views: 1128.6ms | ActiveRecord: 0.0ms)


Started GET "/all_firemen" for 127.0.0.1 at 2017-07-23 18:09:21 +0200
Processing by FiremenController#all as HTML
  [1m[35m (0.3ms)[0m  [1m[35mBEGIN[0m
  [1m[35mSQL (1.4ms)[0m  [1m[32mINSERT INTO "firemen" ("name", "surname", "email", "created_at", "updated_at") VALUES ($1, $2, $3, $4, $5) RETURNING "id"[0m  [["name", "Mateusz"], ["surname", "Mmm"], ["email", "Mm@pl.pl"], ["created_at", "2017-07-23 16:09:21.358385"], ["updated_at", "2017-07-23 16:09:21.358385"]]
  [1m[35m (12.1ms)[0m  [1m[35mCOMMIT[0m
  [1m[36mFiremen Load (0.5ms)[0m  [1m[34mSELECT "firemen".* FROM "firemen"[0m
  [1m[36mCACHE Firemen Load (0.0ms)[0m  [1m[34mSELECT "firemen".* FROM "firemen"[0m
Completed 200 OK in 70ms (Views: 3.1ms | ActiveRecord: 30.7ms)


Started GET "/" for 127.0.0.1 at 2017-07-23 18:10:29 +0200
Processing by ApplicationController#angular as HTML
  Rendering layouts/main.html.erb within layouts/application
  Rendered layouts/main.html.erb within layouts/application (0.4ms)
Started GET "/" for 127.0.0.1 at 2017-07-23 18:10:29 +0200
Processing by ApplicationController#angular as HTML
  Rendering layouts/main.html.erb within layouts/application
  Rendered layouts/main.html.erb within layouts/application (0.5ms)
Completed 200 OK in 294ms (Views: 293.5ms | ActiveRecord: 0.0ms)


Completed 200 OK in 280ms (Views: 279.5ms | ActiveRecord: 0.0ms)


Started GET "/" for 127.0.0.1 at 2017-07-23 18:10:51 +0200
Processing by ApplicationController#angular as HTML
  Rendering layouts/main.html.erb within layouts/application
  Rendered layouts/main.html.erb within layouts/application (0.7ms)
Completed 200 OK in 302ms (Views: 300.9ms | ActiveRecord: 0.0ms)


Started GET "/" for 127.0.0.1 at 2017-07-23 18:10:55 +0200
Processing by ApplicationController#angular as HTML
  Rendering layouts/main.html.erb within layouts/application
  Rendered layouts/main.html.erb within layouts/application (0.4ms)
Completed 200 OK in 41ms (Views: 40.3ms | ActiveRecord: 0.0ms)


Started GET "/" for 127.0.0.1 at 2017-07-23 18:11:10 +0200
Processing by ApplicationController#angular as HTML
  Rendering layouts/main.html.erb within layouts/application
  Rendered layouts/main.html.erb within layouts/application (0.5ms)
Completed 200 OK in 269ms (Views: 268.2ms | ActiveRecord: 0.0ms)


Started GET "/" for 127.0.0.1 at 2017-07-23 18:11:37 +0200
Processing by ApplicationController#angular as HTML
  Rendering layouts/main.html.erb within layouts/application
  Rendered layouts/main.html.erb within layouts/application (0.5ms)
Completed 200 OK in 334ms (Views: 333.2ms | ActiveRecord: 0.0ms)


Started GET "/" for 127.0.0.1 at 2017-07-23 18:11:52 +0200
Processing by ApplicationController#angular as HTML
  Rendering layouts/main.html.erb within layouts/application
  Rendered layouts/main.html.erb within layouts/application (0.5ms)
Completed 200 OK in 266ms (Views: 265.2ms | ActiveRecord: 0.0ms)


Started GET "/all_firemen" for 127.0.0.1 at 2017-07-23 18:11:52 +0200
Processing by FiremenController#all as HTML
  [1m[35m (0.2ms)[0m  [1m[35mBEGIN[0m
  [1m[35mSQL (0.4ms)[0m  [1m[32mINSERT INTO "firemen" ("name", "surname", "email", "created_at", "updated_at") VALUES ($1, $2, $3, $4, $5) RETURNING "id"[0m  [["name", "Mateusz"], ["surname", "Mmm"], ["email", "Mm@pl.pl"], ["created_at", "2017-07-23 16:11:52.888608"], ["updated_at", "2017-07-23 16:11:52.888608"]]
  [1m[35m (14.0ms)[0m  [1m[35mCOMMIT[0m
  [1m[36mFiremen Load (0.5ms)[0m  [1m[34mSELECT "firemen".* FROM "firemen"[0m
  [1m[36mCACHE Firemen Load (0.0ms)[0m  [1m[34mSELECT "firemen".* FROM "firemen"[0m
Completed 200 OK in 22ms (Views: 2.2ms | ActiveRecord: 15.0ms)


Started GET "/" for 127.0.0.1 at 2017-07-23 18:12:39 +0200
Processing by ApplicationController#angular as HTML
  Rendering layouts/main.html.erb within layouts/application
  Rendered layouts/main.html.erb within layouts/application (0.3ms)
Completed 200 OK in 25ms (Views: 24.3ms | ActiveRecord: 0.0ms)


Started GET "/all_firemen" for 127.0.0.1 at 2017-07-23 18:12:40 +0200
Processing by FiremenController#all as HTML
  [1m[36mFiremen Load (0.6ms)[0m  [1m[34mSELECT "firemen".* FROM "firemen"[0m
  [1m[36mCACHE Firemen Load (0.0ms)[0m  [1m[34mSELECT "firemen".* FROM "firemen"[0m
Completed 200 OK in 29ms (Views: 3.5ms | ActiveRecord: 9.4ms)


Started GET "/" for 127.0.0.1 at 2017-07-23 18:13:52 +0200
Processing by ApplicationController#angular as HTML
  Rendering layouts/main.html.erb within layouts/application
  Rendered layouts/main.html.erb within layouts/application (0.4ms)
Completed 200 OK in 272ms (Views: 271.1ms | ActiveRecord: 0.0ms)


Started GET "/all_firemen" for 127.0.0.1 at 2017-07-23 18:13:52 +0200
Processing by FiremenController#all as HTML
  [1m[36mFiremen Load (0.6ms)[0m  [1m[34mSELECT "firemen".* FROM "firemen"[0m
  [1m[36mCACHE Firemen Load (0.0ms)[0m  [1m[34mSELECT "firemen".* FROM "firemen"[0m
Completed 200 OK in 5ms (Views: 2.1ms | ActiveRecord: 0.6ms)


Started GET "/" for 127.0.0.1 at 2017-07-23 18:14:22 +0200
Processing by ApplicationController#angular as HTML
  Rendering layouts/main.html.erb within layouts/application
  Rendered layouts/main.html.erb within layouts/application (0.5ms)
Completed 200 OK in 40ms (Views: 39.1ms | ActiveRecord: 0.0ms)


Started GET "/all_firemen" for 127.0.0.1 at 2017-07-23 18:14:22 +0200
Processing by FiremenController#all as HTML
  [1m[36mFiremen Load (0.3ms)[0m  [1m[34mSELECT "firemen".* FROM "firemen"[0m
  [1m[36mCACHE Firemen Load (0.0ms)[0m  [1m[34mSELECT "firemen".* FROM "firemen"[0m
Completed 200 OK in 5ms (Views: 2.7ms | ActiveRecord: 0.3ms)


Started GET "/" for 127.0.0.1 at 2017-07-23 18:14:24 +0200
Processing by ApplicationController#angular as HTML
  Rendering layouts/main.html.erb within layouts/application
  Rendered layouts/main.html.erb within layouts/application (0.4ms)
Completed 200 OK in 32ms (Views: 31.0ms | ActiveRecord: 0.0ms)


Started GET "/all_firemen" for 127.0.0.1 at 2017-07-23 18:14:24 +0200
Processing by FiremenController#all as HTML
  [1m[36mFiremen Load (0.3ms)[0m  [1m[34mSELECT "firemen".* FROM "firemen"[0m
  [1m[36mCACHE Firemen Load (0.0ms)[0m  [1m[34mSELECT "firemen".* FROM "firemen"[0m
Completed 200 OK in 5ms (Views: 2.7ms | ActiveRecord: 0.3ms)


Started GET "/" for 127.0.0.1 at 2017-07-23 18:16:15 +0200
Processing by ApplicationController#angular as HTML
  Rendering layouts/main.html.erb within layouts/application
  Rendered layouts/main.html.erb within layouts/application (0.5ms)
Completed 200 OK in 262ms (Views: 261.0ms | ActiveRecord: 0.0ms)


Started GET "/all_firemen" for 127.0.0.1 at 2017-07-23 18:16:16 +0200
Processing by FiremenController#all as HTML
  [1m[36mFiremen Load (0.3ms)[0m  [1m[34mSELECT "firemen".* FROM "firemen"[0m
  [1m[36mCACHE Firemen Load (0.0ms)[0m  [1m[34mSELECT "firemen".* FROM "firemen"[0m
Completed 200 OK in 4ms (Views: 1.7ms | ActiveRecord: 0.3ms)


Started GET "/" for 127.0.0.1 at 2017-07-23 18:17:42 +0200
Processing by ApplicationController#angular as HTML
  Rendering layouts/main.html.erb within layouts/application
  Rendered layouts/main.html.erb within layouts/application (0.4ms)
Completed 200 OK in 267ms (Views: 266.9ms | ActiveRecord: 0.0ms)


Started GET "/all_firemen" for 127.0.0.1 at 2017-07-23 18:17:43 +0200
Processing by FiremenController#all as HTML
  [1m[36mFiremen Load (0.4ms)[0m  [1m[34mSELECT "firemen".* FROM "firemen"[0m
  [1m[36mCACHE Firemen Load (0.0ms)[0m  [1m[34mSELECT "firemen".* FROM "firemen"[0m
Completed 200 OK in 6ms (Views: 2.9ms | ActiveRecord: 0.5ms)


Started GET "/" for 127.0.0.1 at 2017-07-23 18:18:08 +0200
Processing by ApplicationController#angular as HTML
  Rendering layouts/main.html.erb within layouts/application
  Rendered layouts/main.html.erb within layouts/application (0.4ms)
Completed 200 OK in 40ms (Views: 39.1ms | ActiveRecord: 0.0ms)


Started GET "/all_firemen" for 127.0.0.1 at 2017-07-23 18:18:09 +0200
Processing by FiremenController#all as HTML
  [1m[36mFiremen Load (0.3ms)[0m  [1m[34mSELECT "firemen".* FROM "firemen"[0m
  [1m[36mCACHE Firemen Load (0.0ms)[0m  [1m[34mSELECT "firemen".* FROM "firemen"[0m
Completed 200 OK in 6ms (Views: 2.8ms | ActiveRecord: 0.3ms)


Started GET "/" for 127.0.0.1 at 2017-07-23 18:18:32 +0200
Processing by ApplicationController#angular as HTML
  Rendering layouts/main.html.erb within layouts/application
  Rendered layouts/main.html.erb within layouts/application (0.5ms)
Completed 200 OK in 36ms (Views: 35.4ms | ActiveRecord: 0.0ms)


Started GET "/all_firemen" for 127.0.0.1 at 2017-07-23 18:18:32 +0200
Processing by FiremenController#all as HTML
  [1m[36mFiremen Load (0.3ms)[0m  [1m[34mSELECT "firemen".* FROM "firemen"[0m
  [1m[36mCACHE Firemen Load (0.0ms)[0m  [1m[34mSELECT "firemen".* FROM "firemen"[0m
Completed 200 OK in 6ms (Views: 3.3ms | ActiveRecord: 0.4ms)


Started GET "/" for 127.0.0.1 at 2017-07-23 18:19:18 +0200
Processing by ApplicationController#angular as HTML
  Rendering layouts/main.html.erb within layouts/application
  Rendered layouts/main.html.erb within layouts/application (0.5ms)
Completed 200 OK in 266ms (Views: 265.1ms | ActiveRecord: 0.0ms)


Started GET "/all_firemen" for 127.0.0.1 at 2017-07-23 18:19:18 +0200
Processing by FiremenController#all as HTML
  [1m[36mFiremen Load (0.4ms)[0m  [1m[34mSELECT "firemen".* FROM "firemen"[0m
  [1m[36mCACHE Firemen Load (0.0ms)[0m  [1m[34mSELECT "firemen".* FROM "firemen"[0m
Completed 200 OK in 4ms (Views: 1.6ms | ActiveRecord: 0.4ms)


Started GET "/" for 127.0.0.1 at 2017-07-23 18:20:38 +0200
Processing by ApplicationController#angular as HTML
  Rendering layouts/main.html.erb within layouts/application
  Rendered layouts/main.html.erb within layouts/application (0.4ms)
Completed 200 OK in 290ms (Views: 288.3ms | ActiveRecord: 0.0ms)


Started GET "/all_firemen" for 127.0.0.1 at 2017-07-23 18:20:38 +0200
Processing by FiremenController#all as HTML
  [1m[36mFiremen Load (0.6ms)[0m  [1m[34mSELECT "firemen".* FROM "firemen"[0m
  [1m[36mCACHE Firemen Load (0.0ms)[0m  [1m[34mSELECT "firemen".* FROM "firemen"[0m
Completed 200 OK in 5ms (Views: 2.3ms | ActiveRecord: 0.7ms)


Started GET "/" for 127.0.0.1 at 2017-07-23 18:21:18 +0200
Processing by ApplicationController#angular as HTML
  Rendering layouts/main.html.erb within layouts/application
  Rendered layouts/main.html.erb within layouts/application (0.8ms)
Completed 200 OK in 326ms (Views: 324.5ms | ActiveRecord: 0.0ms)


Started GET "/all_firemen" for 127.0.0.1 at 2017-07-23 18:21:18 +0200
Processing by FiremenController#all as HTML
  [1m[36mFiremen Load (0.3ms)[0m  [1m[34mSELECT "firemen".* FROM "firemen"[0m
  [1m[36mCACHE Firemen Load (0.0ms)[0m  [1m[34mSELECT "firemen".* FROM "firemen"[0m
Completed 200 OK in 5ms (Views: 2.5ms | ActiveRecord: 0.3ms)


Started GET "/login" for 127.0.0.1 at 2017-07-23 18:31:16 +0200
  [1m[35m (1.1ms)[0m  [1m[34mSELECT "schema_migrations"."version" FROM "schema_migrations" ORDER BY "schema_migrations"."version" ASC[0m
Processing by LoginController#login as HTML
  Rendering layouts/main.html.erb within layouts/application
  Rendered layouts/main.html.erb within layouts/application (1.7ms)
Completed 200 OK in 887ms (Views: 879.3ms | ActiveRecord: 0.0ms)


Started GET "/all_firemen" for 127.0.0.1 at 2017-07-23 18:31:18 +0200
Processing by FiremenController#all as HTML
  [1m[36mFiremen Load (0.5ms)[0m  [1m[34mSELECT "firemen".* FROM "firemen"[0m
  [1m[36mCACHE Firemen Load (0.0ms)[0m  [1m[34mSELECT "firemen".* FROM "firemen"[0m
Completed 200 OK in 33ms (Views: 2.0ms | ActiveRecord: 6.2ms)


Started GET "/" for 127.0.0.1 at 2017-07-23 18:31:18 +0200
Processing by ApplicationController#angular as HTML
  Rendering layouts/main.html.erb within layouts/application
  Rendered layouts/main.html.erb within layouts/application (0.5ms)
Completed 200 OK in 39ms (Views: 38.2ms | ActiveRecord: 0.0ms)


Started GET "/all_firemen" for 127.0.0.1 at 2017-07-23 18:31:18 +0200
Processing by FiremenController#all as HTML
  [1m[36mFiremen Load (0.2ms)[0m  [1m[34mSELECT "firemen".* FROM "firemen"[0m
  [1m[36mCACHE Firemen Load (0.0ms)[0m  [1m[34mSELECT "firemen".* FROM "firemen"[0m
Completed 200 OK in 4ms (Views: 1.7ms | ActiveRecord: 0.2ms)


Started GET "/" for 127.0.0.1 at 2017-07-23 18:31:19 +0200
Processing by ApplicationController#angular as HTML
  Rendering layouts/main.html.erb within layouts/application
  Rendered layouts/main.html.erb within layouts/application (0.3ms)
Completed 200 OK in 67ms (Views: 66.6ms | ActiveRecord: 0.0ms)


Started GET "/all_firemen" for 127.0.0.1 at 2017-07-23 18:31:19 +0200
Processing by FiremenController#all as HTML
  [1m[36mFiremen Load (0.3ms)[0m  [1m[34mSELECT "firemen".* FROM "firemen"[0m
  [1m[36mCACHE Firemen Load (0.0ms)[0m  [1m[34mSELECT "firemen".* FROM "firemen"[0m
Completed 200 OK in 8ms (Views: 5.1ms | ActiveRecord: 0.3ms)


Started GET "/login" for 127.0.0.1 at 2017-07-23 18:31:47 +0200
Processing by LoginController#login as HTML
  Rendering layouts/main.html.erb within layouts/application
  Rendered layouts/main.html.erb within layouts/application (0.4ms)
Completed 200 OK in 47ms (Views: 46.4ms | ActiveRecord: 0.0ms)


Started GET "/all_firemen" for 127.0.0.1 at 2017-07-23 18:31:47 +0200
Processing by FiremenController#all as HTML
  [1m[36mFiremen Load (0.3ms)[0m  [1m[34mSELECT "firemen".* FROM "firemen"[0m
  [1m[36mCACHE Firemen Load (0.0ms)[0m  [1m[34mSELECT "firemen".* FROM "firemen"[0m
Completed 200 OK in 25ms (Views: 2.5ms | ActiveRecord: 5.0ms)


